2022-09-19 15:29:59,928:INFO:Initializing load_model()
2022-09-19 15:29:59,929:INFO:load_model(model_name=model_catboost, platform=None, authentication=None, verbose=True)
2022-09-19 15:30:55,404:INFO:Initializing predict_model()
2022-09-19 15:30:55,404:INFO:predict_model(estimator=Pipeline(steps=[('dtypes',
                 DataTypes_Auto_infer(ml_usecase='regression',
                                      target='Calories-Burned')),
                ('imputer',
                 Simple_Imputer(categorical_strategy='not_available',
                                fill_value_categorical=None,
                                fill_value_numerical=None,
                                numeric_strategy='mean',
                                target_variable=None)),
                ('new_levels1',
                 New_Catagorical_Levels_in_TestData(replacement_strategy='least '
                                                                         'frequent'...
                ('binn', 'passthrough'), ('rem_outliers', 'passthrough'),
                ('cluster_all', 'passthrough'),
                ('dummy', Dummify(target='Calories-Burned')),
                ('fix_perfect', Remove_100(target='Calories-Burned')),
                ('clean_names', Clean_Colum_Names()),
                ('feature_select', 'passthrough'), ('fix_multi', 'passthrough'),
                ('dfs', 'passthrough'), ('pca', 'passthrough'),
                ['trained_model',
                 <catboost.core.CatBoostRegressor object at 0x00000208837FC0A0>]]), probability_threshold=None, encoded_labels=True, drift_report=False, raw_score=False, round=0, verbose=True, ml_usecase=MLUsecase.REGRESSION, display=None, drift_kwargs=None)
2022-09-19 15:30:55,406:INFO:Checking exceptions
2022-09-19 15:30:55,406:INFO:Preloading libraries
2022-09-19 15:43:28,848:INFO:Initializing load_model()
2022-09-19 15:43:28,849:INFO:load_model(model_name=model_catboost, platform=None, authentication=None, verbose=True)
2022-09-19 15:44:13,818:INFO:Initializing predict_model()
2022-09-19 15:44:13,819:INFO:predict_model(estimator=Pipeline(steps=[('dtypes',
                 DataTypes_Auto_infer(ml_usecase='regression',
                                      target='Calories-Burned')),
                ('imputer',
                 Simple_Imputer(categorical_strategy='not_available',
                                fill_value_categorical=None,
                                fill_value_numerical=None,
                                numeric_strategy='mean',
                                target_variable=None)),
                ('new_levels1',
                 New_Catagorical_Levels_in_TestData(replacement_strategy='least '
                                                                         'frequent'...
                ('binn', 'passthrough'), ('rem_outliers', 'passthrough'),
                ('cluster_all', 'passthrough'),
                ('dummy', Dummify(target='Calories-Burned')),
                ('fix_perfect', Remove_100(target='Calories-Burned')),
                ('clean_names', Clean_Colum_Names()),
                ('feature_select', 'passthrough'), ('fix_multi', 'passthrough'),
                ('dfs', 'passthrough'), ('pca', 'passthrough'),
                ['trained_model',
                 <catboost.core.CatBoostRegressor object at 0x000001F2037EB0A0>]]), probability_threshold=None, encoded_labels=True, drift_report=False, raw_score=False, round=0, verbose=True, ml_usecase=MLUsecase.REGRESSION, display=None, drift_kwargs=None)
2022-09-19 15:44:13,819:INFO:Checking exceptions
2022-09-19 15:44:13,819:INFO:Preloading libraries
2022-09-19 15:48:19,172:INFO:Initializing load_model()
2022-09-19 15:48:19,172:INFO:load_model(model_name=model_catboost, platform=None, authentication=None, verbose=True)
2022-09-19 15:48:54,356:INFO:Initializing predict_model()
2022-09-19 15:48:54,356:INFO:predict_model(estimator=Pipeline(steps=[('dtypes',
                 DataTypes_Auto_infer(ml_usecase='regression',
                                      target='Calories-Burned')),
                ('imputer',
                 Simple_Imputer(categorical_strategy='not_available',
                                fill_value_categorical=None,
                                fill_value_numerical=None,
                                numeric_strategy='mean',
                                target_variable=None)),
                ('new_levels1',
                 New_Catagorical_Levels_in_TestData(replacement_strategy='least '
                                                                         'frequent'...
                ('binn', 'passthrough'), ('rem_outliers', 'passthrough'),
                ('cluster_all', 'passthrough'),
                ('dummy', Dummify(target='Calories-Burned')),
                ('fix_perfect', Remove_100(target='Calories-Burned')),
                ('clean_names', Clean_Colum_Names()),
                ('feature_select', 'passthrough'), ('fix_multi', 'passthrough'),
                ('dfs', 'passthrough'), ('pca', 'passthrough'),
                ['trained_model',
                 <catboost.core.CatBoostRegressor object at 0x000002850355C0A0>]]), probability_threshold=None, encoded_labels=True, drift_report=False, raw_score=False, round=0, verbose=True, ml_usecase=MLUsecase.REGRESSION, display=None, drift_kwargs=None)
2022-09-19 15:48:54,356:INFO:Checking exceptions
2022-09-19 15:48:54,356:INFO:Preloading libraries
2022-09-19 21:17:39,560:INFO:Initializing load_model()
2022-09-19 21:17:39,560:INFO:load_model(model_name=model_catboost, platform=None, authentication=None, verbose=True)
2022-09-19 21:18:31,663:INFO:Initializing predict_model()
2022-09-19 21:18:31,663:INFO:predict_model(estimator=Pipeline(steps=[('dtypes',
                 DataTypes_Auto_infer(ml_usecase='regression',
                                      target='Calories-Burned')),
                ('imputer',
                 Simple_Imputer(categorical_strategy='not_available',
                                fill_value_categorical=None,
                                fill_value_numerical=None,
                                numeric_strategy='mean',
                                target_variable=None)),
                ('new_levels1',
                 New_Catagorical_Levels_in_TestData(replacement_strategy='least '
                                                                         'frequent'...
                ('binn', 'passthrough'), ('rem_outliers', 'passthrough'),
                ('cluster_all', 'passthrough'),
                ('dummy', Dummify(target='Calories-Burned')),
                ('fix_perfect', Remove_100(target='Calories-Burned')),
                ('clean_names', Clean_Colum_Names()),
                ('feature_select', 'passthrough'), ('fix_multi', 'passthrough'),
                ('dfs', 'passthrough'), ('pca', 'passthrough'),
                ['trained_model',
                 <catboost.core.CatBoostRegressor object at 0x000001D00355C0A0>]]), probability_threshold=None, encoded_labels=True, drift_report=False, raw_score=False, round=0, verbose=True, ml_usecase=MLUsecase.REGRESSION, display=None, drift_kwargs=None)
2022-09-19 21:18:31,663:INFO:Checking exceptions
2022-09-19 21:18:31,663:INFO:Preloading libraries
2022-09-19 21:26:40,663:INFO:Initializing load_model()
2022-09-19 21:26:40,664:INFO:load_model(model_name=model_catboost, platform=None, authentication=None, verbose=True)
2022-09-19 21:27:22,817:INFO:Initializing predict_model()
2022-09-19 21:27:22,817:INFO:predict_model(estimator=Pipeline(steps=[('dtypes',
                 DataTypes_Auto_infer(ml_usecase='regression',
                                      target='Calories-Burned')),
                ('imputer',
                 Simple_Imputer(categorical_strategy='not_available',
                                fill_value_categorical=None,
                                fill_value_numerical=None,
                                numeric_strategy='mean',
                                target_variable=None)),
                ('new_levels1',
                 New_Catagorical_Levels_in_TestData(replacement_strategy='least '
                                                                         'frequent'...
                ('binn', 'passthrough'), ('rem_outliers', 'passthrough'),
                ('cluster_all', 'passthrough'),
                ('dummy', Dummify(target='Calories-Burned')),
                ('fix_perfect', Remove_100(target='Calories-Burned')),
                ('clean_names', Clean_Colum_Names()),
                ('feature_select', 'passthrough'), ('fix_multi', 'passthrough'),
                ('dfs', 'passthrough'), ('pca', 'passthrough'),
                ['trained_model',
                 <catboost.core.CatBoostRegressor object at 0x0000020B837EC0A0>]]), probability_threshold=None, encoded_labels=True, drift_report=False, raw_score=False, round=0, verbose=True, ml_usecase=MLUsecase.REGRESSION, display=None, drift_kwargs=None)
2022-09-19 21:27:22,817:INFO:Checking exceptions
2022-09-19 21:27:22,817:INFO:Preloading libraries
2022-09-19 21:29:06,158:INFO:Initializing load_model()
2022-09-19 21:29:06,158:INFO:load_model(model_name=model_catboost, platform=None, authentication=None, verbose=True)
2022-09-19 21:29:43,833:INFO:Initializing predict_model()
2022-09-19 21:29:43,833:INFO:predict_model(estimator=Pipeline(steps=[('dtypes',
                 DataTypes_Auto_infer(ml_usecase='regression',
                                      target='Calories-Burned')),
                ('imputer',
                 Simple_Imputer(categorical_strategy='not_available',
                                fill_value_categorical=None,
                                fill_value_numerical=None,
                                numeric_strategy='mean',
                                target_variable=None)),
                ('new_levels1',
                 New_Catagorical_Levels_in_TestData(replacement_strategy='least '
                                                                         'frequent'...
                ('binn', 'passthrough'), ('rem_outliers', 'passthrough'),
                ('cluster_all', 'passthrough'),
                ('dummy', Dummify(target='Calories-Burned')),
                ('fix_perfect', Remove_100(target='Calories-Burned')),
                ('clean_names', Clean_Colum_Names()),
                ('feature_select', 'passthrough'), ('fix_multi', 'passthrough'),
                ('dfs', 'passthrough'), ('pca', 'passthrough'),
                ['trained_model',
                 <catboost.core.CatBoostRegressor object at 0x000001B58356C0A0>]]), probability_threshold=None, encoded_labels=True, drift_report=False, raw_score=False, round=0, verbose=True, ml_usecase=MLUsecase.REGRESSION, display=None, drift_kwargs=None)
2022-09-19 21:29:43,833:INFO:Checking exceptions
2022-09-19 21:29:43,833:INFO:Preloading libraries
2022-09-19 21:30:27,109:INFO:Initializing predict_model()
2022-09-19 21:30:27,110:INFO:predict_model(estimator=Pipeline(steps=[('dtypes',
                 DataTypes_Auto_infer(ml_usecase='regression',
                                      target='Calories-Burned')),
                ('imputer',
                 Simple_Imputer(categorical_strategy='not_available',
                                fill_value_categorical=None,
                                fill_value_numerical=None,
                                numeric_strategy='mean',
                                target_variable=None)),
                ('new_levels1',
                 New_Catagorical_Levels_in_TestData(replacement_strategy='least '
                                                                         'frequent'...
                ('binn', 'passthrough'), ('rem_outliers', 'passthrough'),
                ('cluster_all', 'passthrough'),
                ('dummy', Dummify(target='Calories-Burned')),
                ('fix_perfect', Remove_100(target='Calories-Burned')),
                ('clean_names', Clean_Colum_Names()),
                ('feature_select', 'passthrough'), ('fix_multi', 'passthrough'),
                ('dfs', 'passthrough'), ('pca', 'passthrough'),
                ['trained_model',
                 <catboost.core.CatBoostRegressor object at 0x000001B58356C0A0>]]), probability_threshold=None, encoded_labels=True, drift_report=False, raw_score=False, round=0, verbose=True, ml_usecase=MLUsecase.REGRESSION, display=None, drift_kwargs=None)
2022-09-19 21:30:27,110:INFO:Checking exceptions
2022-09-19 21:30:27,110:INFO:Preloading libraries
2022-09-19 21:41:19,000:INFO:Initializing load_model()
2022-09-19 21:41:19,000:INFO:load_model(model_name=model_catboost, platform=None, authentication=None, verbose=True)
2022-09-19 21:41:55,546:INFO:Initializing predict_model()
2022-09-19 21:41:55,546:INFO:predict_model(estimator=Pipeline(steps=[('dtypes',
                 DataTypes_Auto_infer(ml_usecase='regression',
                                      target='Calories-Burned')),
                ('imputer',
                 Simple_Imputer(categorical_strategy='not_available',
                                fill_value_categorical=None,
                                fill_value_numerical=None,
                                numeric_strategy='mean',
                                target_variable=None)),
                ('new_levels1',
                 New_Catagorical_Levels_in_TestData(replacement_strategy='least '
                                                                         'frequent'...
                ('binn', 'passthrough'), ('rem_outliers', 'passthrough'),
                ('cluster_all', 'passthrough'),
                ('dummy', Dummify(target='Calories-Burned')),
                ('fix_perfect', Remove_100(target='Calories-Burned')),
                ('clean_names', Clean_Colum_Names()),
                ('feature_select', 'passthrough'), ('fix_multi', 'passthrough'),
                ('dfs', 'passthrough'), ('pca', 'passthrough'),
                ['trained_model',
                 <catboost.core.CatBoostRegressor object at 0x000002F7037EC0A0>]]), probability_threshold=None, encoded_labels=True, drift_report=False, raw_score=False, round=0, verbose=True, ml_usecase=MLUsecase.REGRESSION, display=None, drift_kwargs=None)
2022-09-19 21:41:55,546:INFO:Checking exceptions
2022-09-19 21:41:55,546:INFO:Preloading libraries
2022-09-20 09:38:15,853:INFO:Initializing load_model()
2022-09-20 09:38:15,854:INFO:load_model(model_name=model_catboost, platform=None, authentication=None, verbose=True)
2022-09-20 09:38:56,180:INFO:Initializing predict_model()
2022-09-20 09:38:56,180:INFO:predict_model(estimator=Pipeline(steps=[('dtypes',
                 DataTypes_Auto_infer(ml_usecase='regression',
                                      target='Calories-Burned')),
                ('imputer',
                 Simple_Imputer(categorical_strategy='not_available',
                                fill_value_categorical=None,
                                fill_value_numerical=None,
                                numeric_strategy='mean',
                                target_variable=None)),
                ('new_levels1',
                 New_Catagorical_Levels_in_TestData(replacement_strategy='least '
                                                                         'frequent'...
                ('binn', 'passthrough'), ('rem_outliers', 'passthrough'),
                ('cluster_all', 'passthrough'),
                ('dummy', Dummify(target='Calories-Burned')),
                ('fix_perfect', Remove_100(target='Calories-Burned')),
                ('clean_names', Clean_Colum_Names()),
                ('feature_select', 'passthrough'), ('fix_multi', 'passthrough'),
                ('dfs', 'passthrough'), ('pca', 'passthrough'),
                ['trained_model',
                 <catboost.core.CatBoostRegressor object at 0x00000299037EC0A0>]]), probability_threshold=None, encoded_labels=True, drift_report=False, raw_score=False, round=0, verbose=True, ml_usecase=MLUsecase.REGRESSION, display=None, drift_kwargs=None)
2022-09-20 09:38:56,180:INFO:Checking exceptions
2022-09-20 09:38:56,180:INFO:Preloading libraries
2022-09-20 09:48:52,573:INFO:Initializing load_model()
2022-09-20 09:48:52,574:INFO:load_model(model_name=model_catboost, platform=None, authentication=None, verbose=True)
2022-09-20 09:49:29,135:INFO:Initializing predict_model()
2022-09-20 09:49:29,135:INFO:predict_model(estimator=Pipeline(steps=[('dtypes',
                 DataTypes_Auto_infer(ml_usecase='regression',
                                      target='Calories-Burned')),
                ('imputer',
                 Simple_Imputer(categorical_strategy='not_available',
                                fill_value_categorical=None,
                                fill_value_numerical=None,
                                numeric_strategy='mean',
                                target_variable=None)),
                ('new_levels1',
                 New_Catagorical_Levels_in_TestData(replacement_strategy='least '
                                                                         'frequent'...
                ('binn', 'passthrough'), ('rem_outliers', 'passthrough'),
                ('cluster_all', 'passthrough'),
                ('dummy', Dummify(target='Calories-Burned')),
                ('fix_perfect', Remove_100(target='Calories-Burned')),
                ('clean_names', Clean_Colum_Names()),
                ('feature_select', 'passthrough'), ('fix_multi', 'passthrough'),
                ('dfs', 'passthrough'), ('pca', 'passthrough'),
                ['trained_model',
                 <catboost.core.CatBoostRegressor object at 0x000001F9037FC0A0>]]), probability_threshold=None, encoded_labels=True, drift_report=False, raw_score=False, round=0, verbose=True, ml_usecase=MLUsecase.REGRESSION, display=None, drift_kwargs=None)
2022-09-20 09:49:29,136:INFO:Checking exceptions
2022-09-20 09:49:29,136:INFO:Preloading libraries
2022-09-20 09:51:16,428:INFO:Initializing load_model()
2022-09-20 09:51:16,428:INFO:load_model(model_name=model_catboost, platform=None, authentication=None, verbose=True)
2022-09-20 09:52:34,353:INFO:Initializing load_model()
2022-09-20 09:52:34,354:INFO:load_model(model_name=model_catboost, platform=None, authentication=None, verbose=True)
2022-09-20 09:53:29,327:INFO:Initializing load_model()
2022-09-20 09:53:29,327:INFO:load_model(model_name=model_catboost, platform=None, authentication=None, verbose=True)
2022-09-20 09:53:33,271:INFO:Initializing load_model()
2022-09-20 09:53:33,271:INFO:load_model(model_name=model_catboost, platform=None, authentication=None, verbose=True)
2022-09-20 09:54:06,008:INFO:Initializing predict_model()
2022-09-20 09:54:06,008:INFO:predict_model(estimator=Pipeline(steps=[('dtypes',
                 DataTypes_Auto_infer(ml_usecase='regression',
                                      target='Calories-Burned')),
                ('imputer',
                 Simple_Imputer(categorical_strategy='not_available',
                                fill_value_categorical=None,
                                fill_value_numerical=None,
                                numeric_strategy='mean',
                                target_variable=None)),
                ('new_levels1',
                 New_Catagorical_Levels_in_TestData(replacement_strategy='least '
                                                                         'frequent'...
                ('binn', 'passthrough'), ('rem_outliers', 'passthrough'),
                ('cluster_all', 'passthrough'),
                ('dummy', Dummify(target='Calories-Burned')),
                ('fix_perfect', Remove_100(target='Calories-Burned')),
                ('clean_names', Clean_Colum_Names()),
                ('feature_select', 'passthrough'), ('fix_multi', 'passthrough'),
                ('dfs', 'passthrough'), ('pca', 'passthrough'),
                ['trained_model',
                 <catboost.core.CatBoostRegressor object at 0x00000237837EC040>]]), probability_threshold=None, encoded_labels=True, drift_report=False, raw_score=False, round=0, verbose=True, ml_usecase=MLUsecase.REGRESSION, display=None, drift_kwargs=None)
2022-09-20 09:54:06,009:INFO:Checking exceptions
2022-09-20 09:54:06,009:INFO:Preloading libraries
2022-09-20 11:06:15,498:INFO:Initializing load_model()
2022-09-20 11:06:15,498:INFO:load_model(model_name=model_catboost, platform=None, authentication=None, verbose=True)
2022-09-20 11:06:19,442:INFO:Initializing load_model()
2022-09-20 11:06:19,443:INFO:load_model(model_name=model_catboost, platform=None, authentication=None, verbose=True)
2022-09-20 11:06:53,420:INFO:Initializing predict_model()
2022-09-20 11:06:53,420:INFO:predict_model(estimator=Pipeline(steps=[('dtypes',
                 DataTypes_Auto_infer(ml_usecase='regression',
                                      target='Calories-Burned')),
                ('imputer',
                 Simple_Imputer(categorical_strategy='not_available',
                                fill_value_categorical=None,
                                fill_value_numerical=None,
                                numeric_strategy='mean',
                                target_variable=None)),
                ('new_levels1',
                 New_Catagorical_Levels_in_TestData(replacement_strategy='least '
                                                                         'frequent'...
                ('binn', 'passthrough'), ('rem_outliers', 'passthrough'),
                ('cluster_all', 'passthrough'),
                ('dummy', Dummify(target='Calories-Burned')),
                ('fix_perfect', Remove_100(target='Calories-Burned')),
                ('clean_names', Clean_Colum_Names()),
                ('feature_select', 'passthrough'), ('fix_multi', 'passthrough'),
                ('dfs', 'passthrough'), ('pca', 'passthrough'),
                ['trained_model',
                 <catboost.core.CatBoostRegressor object at 0x00000239037FC040>]]), probability_threshold=None, encoded_labels=True, drift_report=False, raw_score=False, round=4, verbose=True, ml_usecase=MLUsecase.REGRESSION, display=None, drift_kwargs=None)
2022-09-20 11:06:53,420:INFO:Checking exceptions
2022-09-20 11:06:53,421:INFO:Preloading libraries
2022-09-20 11:08:03,578:INFO:Initializing load_model()
2022-09-20 11:08:03,578:INFO:load_model(model_name=model_catboost, platform=None, authentication=None, verbose=True)
2022-09-20 11:08:15,500:INFO:Initializing load_model()
2022-09-20 11:08:15,500:INFO:load_model(model_name=model_catboost, platform=None, authentication=None, verbose=True)
2022-09-20 11:08:37,554:INFO:Initializing predict_model()
2022-09-20 11:08:37,554:INFO:predict_model(estimator=Pipeline(steps=[('dtypes',
                 DataTypes_Auto_infer(ml_usecase='regression',
                                      target='Calories-Burned')),
                ('imputer',
                 Simple_Imputer(categorical_strategy='not_available',
                                fill_value_categorical=None,
                                fill_value_numerical=None,
                                numeric_strategy='mean',
                                target_variable=None)),
                ('new_levels1',
                 New_Catagorical_Levels_in_TestData(replacement_strategy='least '
                                                                         'frequent'...
                ('binn', 'passthrough'), ('rem_outliers', 'passthrough'),
                ('cluster_all', 'passthrough'),
                ('dummy', Dummify(target='Calories-Burned')),
                ('fix_perfect', Remove_100(target='Calories-Burned')),
                ('clean_names', Clean_Colum_Names()),
                ('feature_select', 'passthrough'), ('fix_multi', 'passthrough'),
                ('dfs', 'passthrough'), ('pca', 'passthrough'),
                ['trained_model',
                 <catboost.core.CatBoostRegressor object at 0x0000028C8355C040>]]), probability_threshold=None, encoded_labels=True, drift_report=False, raw_score=False, round=0, verbose=True, ml_usecase=MLUsecase.REGRESSION, display=None, drift_kwargs=None)
2022-09-20 11:08:37,554:INFO:Checking exceptions
2022-09-20 11:08:37,554:INFO:Preloading libraries
2022-09-20 11:09:23,639:INFO:Initializing load_model()
2022-09-20 11:09:23,639:INFO:load_model(model_name=model_catboost, platform=None, authentication=None, verbose=True)
2022-09-20 11:09:38,495:INFO:Initializing load_model()
2022-09-20 11:09:38,495:INFO:load_model(model_name=model_catboost, platform=None, authentication=None, verbose=True)
2022-09-20 11:09:43,773:INFO:Initializing load_model()
2022-09-20 11:09:43,773:INFO:load_model(model_name=model_catboost, platform=None, authentication=None, verbose=True)
2022-09-20 11:10:10,945:INFO:Initializing predict_model()
2022-09-20 11:10:10,946:INFO:predict_model(estimator=Pipeline(steps=[('dtypes',
                 DataTypes_Auto_infer(ml_usecase='regression',
                                      target='Calories-Burned')),
                ('imputer',
                 Simple_Imputer(categorical_strategy='not_available',
                                fill_value_categorical=None,
                                fill_value_numerical=None,
                                numeric_strategy='mean',
                                target_variable=None)),
                ('new_levels1',
                 New_Catagorical_Levels_in_TestData(replacement_strategy='least '
                                                                         'frequent'...
                ('binn', 'passthrough'), ('rem_outliers', 'passthrough'),
                ('cluster_all', 'passthrough'),
                ('dummy', Dummify(target='Calories-Burned')),
                ('fix_perfect', Remove_100(target='Calories-Burned')),
                ('clean_names', Clean_Colum_Names()),
                ('feature_select', 'passthrough'), ('fix_multi', 'passthrough'),
                ('dfs', 'passthrough'), ('pca', 'passthrough'),
                ['trained_model',
                 <catboost.core.CatBoostRegressor object at 0x000001FB037EC040>]]), probability_threshold=None, encoded_labels=True, drift_report=False, raw_score=False, round=0, verbose=True, ml_usecase=MLUsecase.REGRESSION, display=None, drift_kwargs=None)
2022-09-20 11:10:10,946:INFO:Checking exceptions
2022-09-20 11:10:10,946:INFO:Preloading libraries
2022-09-20 11:11:35,388:INFO:Initializing load_model()
2022-09-20 11:11:35,388:INFO:load_model(model_name=model_catboost, platform=None, authentication=None, verbose=True)
2022-09-20 11:11:39,315:INFO:Initializing load_model()
2022-09-20 11:11:39,316:INFO:load_model(model_name=model_catboost, platform=None, authentication=None, verbose=True)
2022-09-20 11:12:02,010:INFO:Initializing predict_model()
2022-09-20 11:12:02,010:INFO:predict_model(estimator=Pipeline(steps=[('dtypes',
                 DataTypes_Auto_infer(ml_usecase='regression',
                                      target='Calories-Burned')),
                ('imputer',
                 Simple_Imputer(categorical_strategy='not_available',
                                fill_value_categorical=None,
                                fill_value_numerical=None,
                                numeric_strategy='mean',
                                target_variable=None)),
                ('new_levels1',
                 New_Catagorical_Levels_in_TestData(replacement_strategy='least '
                                                                         'frequent'...
                ('binn', 'passthrough'), ('rem_outliers', 'passthrough'),
                ('cluster_all', 'passthrough'),
                ('dummy', Dummify(target='Calories-Burned')),
                ('fix_perfect', Remove_100(target='Calories-Burned')),
                ('clean_names', Clean_Colum_Names()),
                ('feature_select', 'passthrough'), ('fix_multi', 'passthrough'),
                ('dfs', 'passthrough'), ('pca', 'passthrough'),
                ['trained_model',
                 <catboost.core.CatBoostRegressor object at 0x00000269037EC040>]]), probability_threshold=None, encoded_labels=True, drift_report=False, raw_score=False, round=0, verbose=True, ml_usecase=MLUsecase.REGRESSION, display=None, drift_kwargs=None)
2022-09-20 11:12:02,010:INFO:Checking exceptions
2022-09-20 11:12:02,010:INFO:Preloading libraries
2022-09-20 11:13:46,757:INFO:Initializing load_model()
2022-09-20 11:13:46,757:INFO:load_model(model_name=model_catboost, platform=None, authentication=None, verbose=True)
2022-09-20 11:14:03,164:INFO:Initializing load_model()
2022-09-20 11:14:03,164:INFO:load_model(model_name=model_catboost, platform=None, authentication=None, verbose=True)
2022-09-20 11:14:07,099:INFO:Initializing load_model()
2022-09-20 11:14:07,099:INFO:load_model(model_name=model_catboost, platform=None, authentication=None, verbose=True)
2022-09-20 11:14:40,867:INFO:Initializing predict_model()
2022-09-20 11:14:40,867:INFO:predict_model(estimator=Pipeline(steps=[('dtypes',
                 DataTypes_Auto_infer(ml_usecase='regression',
                                      target='Calories-Burned')),
                ('imputer',
                 Simple_Imputer(categorical_strategy='not_available',
                                fill_value_categorical=None,
                                fill_value_numerical=None,
                                numeric_strategy='mean',
                                target_variable=None)),
                ('new_levels1',
                 New_Catagorical_Levels_in_TestData(replacement_strategy='least '
                                                                         'frequent'...
                ('binn', 'passthrough'), ('rem_outliers', 'passthrough'),
                ('cluster_all', 'passthrough'),
                ('dummy', Dummify(target='Calories-Burned')),
                ('fix_perfect', Remove_100(target='Calories-Burned')),
                ('clean_names', Clean_Colum_Names()),
                ('feature_select', 'passthrough'), ('fix_multi', 'passthrough'),
                ('dfs', 'passthrough'), ('pca', 'passthrough'),
                ['trained_model',
                 <catboost.core.CatBoostRegressor object at 0x00000156037EC040>]]), probability_threshold=None, encoded_labels=True, drift_report=False, raw_score=False, round=0, verbose=True, ml_usecase=MLUsecase.REGRESSION, display=None, drift_kwargs=None)
2022-09-20 11:14:40,867:INFO:Checking exceptions
2022-09-20 11:14:40,867:INFO:Preloading libraries
2022-09-20 11:15:32,493:INFO:Initializing load_model()
2022-09-20 11:15:32,493:INFO:load_model(model_name=model_catboost, platform=None, authentication=None, verbose=True)
2022-09-20 11:16:29,006:INFO:Initializing load_model()
2022-09-20 11:16:29,007:INFO:load_model(model_name=model_catboost, platform=None, authentication=None, verbose=True)
2022-09-20 11:16:32,931:INFO:Initializing load_model()
2022-09-20 11:16:32,931:INFO:load_model(model_name=model_catboost, platform=None, authentication=None, verbose=True)
2022-09-20 11:16:54,877:INFO:Initializing predict_model()
2022-09-20 11:16:54,877:INFO:predict_model(estimator=Pipeline(steps=[('dtypes',
                 DataTypes_Auto_infer(ml_usecase='regression',
                                      target='Calories-Burned')),
                ('imputer',
                 Simple_Imputer(categorical_strategy='not_available',
                                fill_value_categorical=None,
                                fill_value_numerical=None,
                                numeric_strategy='mean',
                                target_variable=None)),
                ('new_levels1',
                 New_Catagorical_Levels_in_TestData(replacement_strategy='least '
                                                                         'frequent'...
                ('binn', 'passthrough'), ('rem_outliers', 'passthrough'),
                ('cluster_all', 'passthrough'),
                ('dummy', Dummify(target='Calories-Burned')),
                ('fix_perfect', Remove_100(target='Calories-Burned')),
                ('clean_names', Clean_Colum_Names()),
                ('feature_select', 'passthrough'), ('fix_multi', 'passthrough'),
                ('dfs', 'passthrough'), ('pca', 'passthrough'),
                ['trained_model',
                 <catboost.core.CatBoostRegressor object at 0x000001E2037EC040>]]), probability_threshold=None, encoded_labels=True, drift_report=False, raw_score=False, round=0, verbose=True, ml_usecase=MLUsecase.REGRESSION, display=None, drift_kwargs=None)
2022-09-20 11:16:54,877:INFO:Checking exceptions
2022-09-20 11:16:54,877:INFO:Preloading libraries
2022-09-20 11:33:11,242:INFO:Initializing load_model()
2022-09-20 11:33:11,242:INFO:load_model(model_name=model_catboost, platform=None, authentication=None, verbose=True)
2022-09-20 11:33:15,177:INFO:Initializing load_model()
2022-09-20 11:33:15,178:INFO:load_model(model_name=model_catboost, platform=None, authentication=None, verbose=True)
2022-09-20 11:33:57,816:INFO:Initializing predict_model()
2022-09-20 11:33:57,817:INFO:predict_model(estimator=Pipeline(steps=[('dtypes',
                 DataTypes_Auto_infer(ml_usecase='regression',
                                      target='Calories-Burned')),
                ('imputer',
                 Simple_Imputer(categorical_strategy='not_available',
                                fill_value_categorical=None,
                                fill_value_numerical=None,
                                numeric_strategy='mean',
                                target_variable=None)),
                ('new_levels1',
                 New_Catagorical_Levels_in_TestData(replacement_strategy='least '
                                                                         'frequent'...
                ('binn', 'passthrough'), ('rem_outliers', 'passthrough'),
                ('cluster_all', 'passthrough'),
                ('dummy', Dummify(target='Calories-Burned')),
                ('fix_perfect', Remove_100(target='Calories-Burned')),
                ('clean_names', Clean_Colum_Names()),
                ('feature_select', 'passthrough'), ('fix_multi', 'passthrough'),
                ('dfs', 'passthrough'), ('pca', 'passthrough'),
                ['trained_model',
                 <catboost.core.CatBoostRegressor object at 0x0000024C837EC040>]]), probability_threshold=None, encoded_labels=True, drift_report=False, raw_score=False, round=0, verbose=True, ml_usecase=MLUsecase.REGRESSION, display=None, drift_kwargs=None)
2022-09-20 11:33:57,817:INFO:Checking exceptions
2022-09-20 11:33:57,817:INFO:Preloading libraries
